<?xml version="1.0" encoding="UTF-8"?>
<!-- Generated by org.testng.reporters.JUnitXMLReporter -->
<testsuite ignored="0" hostname="DESKTOP-O95LREJ" failures="0" tests="4" name="Default test" time="38.491" errors="0" timestamp="2023-05-26T22:44:16 PDT">
  <testcase classname="Tests.Test_EmployeeSection" name="EmployeeSection" time="16.249"/>
  <testcase classname="Tests.Test_EmployeeSection" name="filter" time="2.574"/>
  <testcase classname="Tests.Test_EmployeeSection" name="Orderd_Pages" time="12.988"/>
  <testcase classname="Tests.Test_EmployeeSection" name="Delete_Row" time="2.512"/>
</testsuite> <!-- Default test -->
