<?xml version="1.0" encoding="UTF-8"?>
<testng-results ignored="0" total="4" passed="4" failed="0" skipped="0">
  <reporter-output>
  </reporter-output>
  <suite started-at="2023-05-26T22:43:38 PDT" name="Default suite" finished-at="2023-05-26T22:44:16 PDT" duration-ms="38491">
    <groups>
    </groups>
    <test started-at="2023-05-26T22:43:38 PDT" name="Default test" finished-at="2023-05-26T22:44:16 PDT" duration-ms="38491">
      <class name="Tests.Test_EmployeeSection">
        <test-method is-config="true" signature="Open_URL()[pri:0, instance:Tests.Test_EmployeeSection@476a736d]" started-at="2023-05-26T22:43:38 PDT" name="Open_URL" finished-at="2023-05-26T22:43:42 PDT" duration-ms="4035" status="PASS">
          <reporter-output>
          </reporter-output>
        </test-method> <!-- Open_URL -->
        <test-method signature="EmployeeSection()[pri:1, instance:Tests.Test_EmployeeSection@476a736d]" started-at="2023-05-26T22:43:42 PDT" name="EmployeeSection" finished-at="2023-05-26T22:43:58 PDT" duration-ms="16249" status="PASS">
          <reporter-output>
          </reporter-output>
        </test-method> <!-- EmployeeSection -->
        <test-method signature="filter()[pri:2, instance:Tests.Test_EmployeeSection@476a736d]" started-at="2023-05-26T22:43:58 PDT" name="filter" finished-at="2023-05-26T22:44:01 PDT" duration-ms="2574" status="PASS">
          <reporter-output>
          </reporter-output>
        </test-method> <!-- filter -->
        <test-method signature="Orderd_Pages()[pri:3, instance:Tests.Test_EmployeeSection@476a736d]" started-at="2023-05-26T22:44:01 PDT" name="Orderd_Pages" finished-at="2023-05-26T22:44:14 PDT" duration-ms="12988" status="PASS">
          <reporter-output>
          </reporter-output>
        </test-method> <!-- Orderd_Pages -->
        <test-method signature="Delete_Row()[pri:4, instance:Tests.Test_EmployeeSection@476a736d]" started-at="2023-05-26T22:44:14 PDT" name="Delete_Row" finished-at="2023-05-26T22:44:16 PDT" duration-ms="2512" status="PASS">
          <reporter-output>
          </reporter-output>
        </test-method> <!-- Delete_Row -->
        <test-method is-config="true" signature="Close()[pri:0, instance:Tests.Test_EmployeeSection@476a736d]" started-at="2023-05-26T22:44:16 PDT" name="Close" finished-at="2023-05-26T22:44:16 PDT" duration-ms="1" status="PASS">
          <reporter-output>
          </reporter-output>
        </test-method> <!-- Close -->
      </class> <!-- Tests.Test_EmployeeSection -->
    </test> <!-- Default test -->
  </suite> <!-- Default suite -->
</testng-results>
